Using pre-set license
Built from '2020.3/release' branch; Version is '2020.3.1f1 (77a89f25062f) revision 7841951'; Using compiler version '192528614'; Build Type 'Release'
OS: 'Windows 10 Home Single Language; OS build 19042.1165; Version 2009; 64bit' Language: 'ru' Physical Memory: 8042 MB
BatchMode: 1, IsHumanControllingUs: 0, StartBugReporterOnCrash: 0, Is64bit: 1, IsPro: 0

 COMMAND LINE ARGUMENTS:
C:\Program Files\Unity\Hub\Editor\2020.3.1f1\Editor\Unity.exe
-adb2
-batchMode
-noUpm
-name
AssetImportWorker0
-projectPath
C:/Users/Gregory/Desktop/RunnerDemo
-logFile
Logs/AssetImportWorker0.log
-srvPort
59422
Successfully changed project path to: C:/Users/Gregory/Desktop/RunnerDemo
C:/Users/Gregory/Desktop/RunnerDemo
Using Asset Import Pipeline V2.
Refreshing native plugins compatible for Editor in 100.47 ms, found 0 plugins.
Preloading 0 native plugins for Editor in 0.00 ms.
Initialize engine version: 2020.3.1f1 (77a89f25062f)
[Subsystems] Discovering subsystems at path C:/Program Files/Unity/Hub/Editor/2020.3.1f1/Editor/Data/Resources/UnitySubsystems
[Subsystems] Discovering subsystems at path C:/Users/Gregory/Desktop/RunnerDemo/Assets
GfxDevice: creating device client; threaded=0
Direct3D:
    Version:  Direct3D 11.0 [level 11.1]
    Renderer: Intel(R) UHD Graphics 620 (ID=0x3ea0)
    Vendor:   
    VRAM:     4021 MB
    Driver:   24.20.100.6195
Initialize mono
Mono path[0] = 'C:/Program Files/Unity/Hub/Editor/2020.3.1f1/Editor/Data/Managed'
Mono path[1] = 'C:/Program Files/Unity/Hub/Editor/2020.3.1f1/Editor/Data/MonoBleedingEdge/lib/mono/unityjit'
Mono config path = 'C:/Program Files/Unity/Hub/Editor/2020.3.1f1/Editor/Data/MonoBleedingEdge/etc'
Using monoOptions --debugger-agent=transport=dt_socket,embedding=1,server=y,suspend=n,address=127.0.0.1:56920
Begin MonoManager ReloadAssembly
Registering precompiled unity dll's ...
Register platform support module: C:/Program Files/Unity/Hub/Editor/2020.3.1f1/Editor/Data/PlaybackEngines/WindowsStandaloneSupport/UnityEditor.WindowsStandalone.Extensions.dll
Registered in 0.004905 seconds.
Native extension for WindowsStandalone target not found
Refreshing native plugins compatible for Editor in 71.91 ms, found 0 plugins.
Preloading 0 native plugins for Editor in 0.00 ms.
Invoked RoslynAnalysisRunner static constructor.
RoslynAnalysisRunner will not be running.
RoslynAnalysisRunner has terminated.
Mono: successfully reloaded assembly
- Completed reload, in  5.684 seconds
Platform modules already initialized, skipping
Registering precompiled user dll's ...
Registered in 0.001607 seconds.
Begin MonoManager ReloadAssembly
Native extension for WindowsStandalone target not found
Refreshing native plugins compatible for Editor in 0.51 ms, found 0 plugins.
Preloading 0 native plugins for Editor in 0.00 ms.
Invoked RoslynAnalysisRunner static constructor.
RoslynAnalysisRunner will not be running.
RoslynAnalysisRunner has terminated.
Mono: successfully reloaded assembly
- Completed reload, in  2.629 seconds
Platform modules already initialized, skipping
========================================================================
Worker process is ready to serve import requests
Launched and connected shader compiler UnityShaderCompiler.exe after 0.13 seconds
Refreshing native plugins compatible for Editor in 0.50 ms, found 0 plugins.
Preloading 0 native plugins for Editor in 0.00 ms.
Unloading 1119 Unused Serialized files (Serialized files now loaded: 0)
System memory in use before: 70.7 MB.
System memory in use after: 70.8 MB.

Unloading 10 unused Assets to reduce memory usage. Loaded Objects now: 1589.
Total: 6.394100 ms (FindLiveObjects: 0.258700 ms CreateObjectMapping: 0.077400 ms MarkObjects: 5.701300 ms  DeleteObjects: 0.353800 ms)

========================================================================
Received Import Request.
  path: Assets/Vast Outer Space/Meshes
  artifactKey: Guid(a35c5e23cd71f2049a44c671a367e209) Importer(815301076,1909f56bfc062723c751e8b465ee728b)
Start importing Assets/Vast Outer Space/Meshes using Guid(a35c5e23cd71f2049a44c671a367e209) Importer(815301076,1909f56bfc062723c751e8b465ee728b)  -> (artifact id: 'a8ebb25c6fd97a0a17acc6abe040ab37') in 0.027152 seconds
  Import took 0.033548 seconds .

========================================================================
Received Import Request.
  Time since last request: 9.749536 seconds.
  path: Assets/Kenney Assets/Space Kit/Models/Textures/alien.png
  artifactKey: Guid(93f3cba1a974c544594f3575d83bfdd4) Importer(815301076,1909f56bfc062723c751e8b465ee728b)
Start importing Assets/Kenney Assets/Space Kit/Models/Textures/alien.png using Guid(93f3cba1a974c544594f3575d83bfdd4) Importer(815301076,1909f56bfc062723c751e8b465ee728b)  -> (artifact id: 'd0bbb9e397f4cce2a6a25181f3ada7f6') in 0.467525 seconds
  Import took 0.474101 seconds .

========================================================================
Received Import Request.
  Time since last request: 0.000907 seconds.
  path: Assets/Kenney Assets/Space Kit/Models/Textures/astronaut.png
  artifactKey: Guid(80700f27ff3a95440937e4d10c8016d9) Importer(815301076,1909f56bfc062723c751e8b465ee728b)
Start importing Assets/Kenney Assets/Space Kit/Models/Textures/astronaut.png using Guid(80700f27ff3a95440937e4d10c8016d9) Importer(815301076,1909f56bfc062723c751e8b465ee728b)  -> (artifact id: '7e5e73c4bafdcbed5cf4d9e6cc3016d5') in 0.042052 seconds
  Import took 0.048783 seconds .

========================================================================
Received Import Request.
  Time since last request: 0.000598 seconds.
  path: Assets/Kenney Assets/Space Kit/Models/Textures/net.png
  artifactKey: Guid(233faf59f7b72b64888f6732538a52ff) Importer(815301076,1909f56bfc062723c751e8b465ee728b)
Start importing Assets/Kenney Assets/Space Kit/Models/Textures/net.png using Guid(233faf59f7b72b64888f6732538a52ff) Importer(815301076,1909f56bfc062723c751e8b465ee728b)  -> (artifact id: 'eb7a3cad81f625c4cc0ea5227cd35eea') in 0.047832 seconds
  Import took 0.055639 seconds .

========================================================================
Received Import Request.
  Time since last request: 0.599743 seconds.
  path: Assets/Kenney Assets/Space Kit/Models/Materials/_defaultMat.mat
  artifactKey: Guid(df0665fb25fa0b148ab5fda04ba968f7) Importer(815301076,1909f56bfc062723c751e8b465ee728b)
Start importing Assets/Kenney Assets/Space Kit/Models/Materials/_defaultMat.mat using Guid(df0665fb25fa0b148ab5fda04ba968f7) Importer(815301076,1909f56bfc062723c751e8b465ee728b)  -> (artifact id: 'b2f8b492548c01bffd3a77ed7bd7b444') in 0.240197 seconds
  Import took 0.245354 seconds .

========================================================================
Received Import Request.
  Time since last request: 0.000498 seconds.
  path: Assets/Kenney Assets/Space Kit/Models/Materials/alien.mat
  artifactKey: Guid(88b46e46d2449ec4eac9626a1ebbd85d) Importer(815301076,1909f56bfc062723c751e8b465ee728b)
Start importing Assets/Kenney Assets/Space Kit/Models/Materials/alien.mat using Guid(88b46e46d2449ec4eac9626a1ebbd85d) Importer(815301076,1909f56bfc062723c751e8b465ee728b)  -> (artifact id: '840e1f69d99437614020208553637121') in 0.089028 seconds
  Import took 0.096811 seconds .

========================================================================
Received Import Request.
  Time since last request: 0.000658 seconds.
  path: Assets/Kenney Assets/Space Kit/Models/Materials/net.mat
  artifactKey: Guid(447a0a52dd46bce489df267d43df6e0a) Importer(815301076,1909f56bfc062723c751e8b465ee728b)
Start importing Assets/Kenney Assets/Space Kit/Models/Materials/net.mat using Guid(447a0a52dd46bce489df267d43df6e0a) Importer(815301076,1909f56bfc062723c751e8b465ee728b)  -> (artifact id: '7bafa6ed29d22dba1bfe4a1dd3172561') in 0.076403 seconds
  Import took 0.083673 seconds .

========================================================================
Received Import Request.
  Time since last request: 0.000392 seconds.
  path: Assets/Kenney Assets/Space Kit/Models/Materials/astronaut.mat
  artifactKey: Guid(94ab255f25bf11444a6c598514a337d3) Importer(815301076,1909f56bfc062723c751e8b465ee728b)
Start importing Assets/Kenney Assets/Space Kit/Models/Materials/astronaut.mat using Guid(94ab255f25bf11444a6c598514a337d3) Importer(815301076,1909f56bfc062723c751e8b465ee728b)  -> (artifact id: '8402687712b5128e598f4719d847ec3d') in 0.071031 seconds
  Import took 0.076849 seconds .

========================================================================
Received Import Request.
  Time since last request: 0.000348 seconds.
  path: Assets/Kenney Assets/Space Kit/Models/Materials/alienBone.mat
  artifactKey: Guid(0e88d84c80bec4146a07e3286cb38d40) Importer(815301076,1909f56bfc062723c751e8b465ee728b)
Start importing Assets/Kenney Assets/Space Kit/Models/Materials/alienBone.mat using Guid(0e88d84c80bec4146a07e3286cb38d40) Importer(815301076,1909f56bfc062723c751e8b465ee728b)  -> (artifact id: '985ea8de76c4654534c19293f818484d') in 0.048765 seconds
  Import took 0.054100 seconds .

========================================================================
Received Import Request.
  Time since last request: 0.000323 seconds.
  path: Assets/Kenney Assets/Space Kit/Models/Materials/metal.mat
  artifactKey: Guid(3683da1fdd020614388a57f70b8b8bf0) Importer(815301076,1909f56bfc062723c751e8b465ee728b)
Start importing Assets/Kenney Assets/Space Kit/Models/Materials/metal.mat using Guid(3683da1fdd020614388a57f70b8b8bf0) Importer(815301076,1909f56bfc062723c751e8b465ee728b)  -> (artifact id: '841e17145194fc60d3ed7de4fa537f4d') in 0.037211 seconds
  Import took 0.048915 seconds .

========================================================================
Received Import Request.
  Time since last request: 0.003070 seconds.
  path: Assets/Kenney Assets/Space Kit/Models/Materials/rock.mat
  artifactKey: Guid(ed581e817fd6ff94b961a29ed21f4e7c) Importer(815301076,1909f56bfc062723c751e8b465ee728b)
Start importing Assets/Kenney Assets/Space Kit/Models/Materials/rock.mat using Guid(ed581e817fd6ff94b961a29ed21f4e7c) Importer(815301076,1909f56bfc062723c751e8b465ee728b)  -> (artifact id: '5c08f4f158f6e6658127effaaa698d40') in 0.078166 seconds
  Import took 0.086479 seconds .

========================================================================
Received Import Request.
  Time since last request: 0.000436 seconds.
  path: Assets/Kenney Assets/Space Kit/Models/Materials/pipe.mat
  artifactKey: Guid(298ec1453cb19d641ad88172d2ad6eb1) Importer(815301076,1909f56bfc062723c751e8b465ee728b)
Start importing Assets/Kenney Assets/Space Kit/Models/Materials/pipe.mat using Guid(298ec1453cb19d641ad88172d2ad6eb1) Importer(815301076,1909f56bfc062723c751e8b465ee728b)  -> (artifact id: '4cb9f54296ac0046ade161e093ff9f57') in 0.038242 seconds
  Import took 0.043915 seconds .

========================================================================
Received Import Request.
  Time since last request: 0.000410 seconds.
  path: Assets/Kenney Assets/Space Kit/Models/Materials/glass.mat
  artifactKey: Guid(7290c56a1fb879847a4baf6623922759) Importer(815301076,1909f56bfc062723c751e8b465ee728b)
Start importing Assets/Kenney Assets/Space Kit/Models/Materials/glass.mat using Guid(7290c56a1fb879847a4baf6623922759) Importer(815301076,1909f56bfc062723c751e8b465ee728b)  -> (artifact id: 'c4bf0e5b06335b4f2c6b77472d106db0') in 0.033892 seconds
  Import took 0.041169 seconds .

========================================================================
Received Import Request.
  Time since last request: 0.000507 seconds.
  path: Assets/Kenney Assets/Space Kit/Models/Materials/alienPlant.mat
  artifactKey: Guid(e66398ec4b317644eae7ce6f1706fac6) Importer(815301076,1909f56bfc062723c751e8b465ee728b)
Start importing Assets/Kenney Assets/Space Kit/Models/Materials/alienPlant.mat using Guid(e66398ec4b317644eae7ce6f1706fac6) Importer(815301076,1909f56bfc062723c751e8b465ee728b)  -> (artifact id: '12494d2f14d25412f7a7cdf8e2370ba0') in 0.039307 seconds
  Import took 0.043351 seconds .

========================================================================
Received Import Request.
  Time since last request: 0.000535 seconds.
  path: Assets/Kenney Assets/Space Kit/Models/Materials/portal.mat
  artifactKey: Guid(8af113a58ea81f0489d7b35c50f16cae) Importer(815301076,1909f56bfc062723c751e8b465ee728b)
Start importing Assets/Kenney Assets/Space Kit/Models/Materials/portal.mat using Guid(8af113a58ea81f0489d7b35c50f16cae) Importer(815301076,1909f56bfc062723c751e8b465ee728b)  -> (artifact id: '80faeddc121160db180178e3250e724b') in 0.144363 seconds
  Import took 0.149916 seconds .

========================================================================
Received Import Request.
  Time since last request: 0.000735 seconds.
  path: Assets/Kenney Assets/Space Kit/Models/Materials/light.mat
  artifactKey: Guid(3c34ebeb9612f1642b9cea21a35766a0) Importer(815301076,1909f56bfc062723c751e8b465ee728b)
Start importing Assets/Kenney Assets/Space Kit/Models/Materials/light.mat using Guid(3c34ebeb9612f1642b9cea21a35766a0) Importer(815301076,1909f56bfc062723c751e8b465ee728b)  -> (artifact id: '2a848ae3cd13c0d0413905f1a972c58d') in 0.061577 seconds
  Import took 0.068399 seconds .

========================================================================
Received Import Request.
  Time since last request: 127.365984 seconds.
  path: Assets/Prefabs/Materials/New Material.mat
  artifactKey: Guid(8fdeee74c23a2eb4c8e1f7bf3ecac2ae) Importer(815301076,1909f56bfc062723c751e8b465ee728b)
Start importing Assets/Prefabs/Materials/New Material.mat using Guid(8fdeee74c23a2eb4c8e1f7bf3ecac2ae) Importer(815301076,1909f56bfc062723c751e8b465ee728b)  -> (artifact id: 'dc616609fcf2ee2b6e4346320137a60f') in 0.111616 seconds
  Import took 0.138108 seconds .

========================================================================
Received Import Request.
  Time since last request: 24.345908 seconds.
  path: Assets/Prefabs/Materials/buttom.png
  artifactKey: Guid(d64bf8dacbcad13469e2fa9f674d22c6) Importer(815301076,1909f56bfc062723c751e8b465ee728b)
Start importing Assets/Prefabs/Materials/buttom.png using Guid(d64bf8dacbcad13469e2fa9f674d22c6) Importer(815301076,1909f56bfc062723c751e8b465ee728b)  -> (artifact id: '8b1cdd61d91dc28b4cd6d6ef7a49a4e6') in 0.071578 seconds
  Import took 0.083057 seconds .

========================================================================
Received Import Request.
  Time since last request: 13.063338 seconds.
  path: Assets/Prefabs/Materials/buttom.png
  artifactKey: Guid(d64bf8dacbcad13469e2fa9f674d22c6) Importer(815301076,1909f56bfc062723c751e8b465ee728b)
Start importing Assets/Prefabs/Materials/buttom.png using Guid(d64bf8dacbcad13469e2fa9f674d22c6) Importer(815301076,1909f56bfc062723c751e8b465ee728b)  -> (artifact id: 'c4a1a418e7ce3ccc6afd035dcff32d27') in 0.083775 seconds
  Import took 0.089271 seconds .

========================================================================
Received Import Request.
  Time since last request: 0.023424 seconds.
  path: Assets/Prefabs/Materials/buttom.png
  artifactKey: Guid(d64bf8dacbcad13469e2fa9f674d22c6) Importer(815301076,1909f56bfc062723c751e8b465ee728b)
Start importing Assets/Prefabs/Materials/buttom.png using Guid(d64bf8dacbcad13469e2fa9f674d22c6) Importer(815301076,1909f56bfc062723c751e8b465ee728b)  -> (artifact id: 'c4a1a418e7ce3ccc6afd035dcff32d27') in 0.034795 seconds
  Import took 0.042111 seconds .

========================================================================
Received Import Request.
  Time since last request: 187.508161 seconds.
  path: Assets/Scripts/WorldBuilder.cs
  artifactKey: Guid(63e28a0929010fb48b3f25372c30a523) Importer(815301076,1909f56bfc062723c751e8b465ee728b)
Start importing Assets/Scripts/WorldBuilder.cs using Guid(63e28a0929010fb48b3f25372c30a523) Importer(815301076,1909f56bfc062723c751e8b465ee728b)  -> (artifact id: '362c9dfbe87915c2d6b9c64ccd54730a') in 0.040567 seconds
  Import took 0.048585 seconds .

========================================================================
Received Import Request.
  Time since last request: 11.792174 seconds.
  path: Assets/Scripts/GameManager.cs
  artifactKey: Guid(26ac9ceb7afacec43ad0078973619f13) Importer(815301076,1909f56bfc062723c751e8b465ee728b)
Start importing Assets/Scripts/GameManager.cs using Guid(26ac9ceb7afacec43ad0078973619f13) Importer(815301076,1909f56bfc062723c751e8b465ee728b)  -> (artifact id: '7b4af18edec752e9dab34fabeadddee6') in 0.016036 seconds
  Import took 0.020298 seconds .

========================================================================
Received Prepare
Registering precompiled user dll's ...
Registered in 0.002347 seconds.
Begin MonoManager ReloadAssembly
Native extension for WindowsStandalone target not found
Refreshing native plugins compatible for Editor in 0.50 ms, found 0 plugins.
Preloading 0 native plugins for Editor in 0.00 ms.
Invoked RoslynAnalysisRunner static constructor.
RoslynAnalysisRunner will not be running.
RoslynAnalysisRunner has terminated.
Mono: successfully reloaded assembly
- Completed reload, in  2.282 seconds
Platform modules already initialized, skipping
Refreshing native plugins compatible for Editor in 0.57 ms, found 0 plugins.
Preloading 0 native plugins for Editor in 0.00 ms.
Unloading 1115 Unused Serialized files (Serialized files now loaded: 0)
System memory in use before: 74.1 MB.
System memory in use after: 74.2 MB.

Unloading 5 unused Assets to reduce memory usage. Loaded Objects now: 1637.
Total: 4.006500 ms (FindLiveObjects: 0.226300 ms CreateObjectMapping: 0.079700 ms MarkObjects: 3.567300 ms  DeleteObjects: 0.130800 ms)

========================================================================
Received Prepare
Registering precompiled user dll's ...
Registered in 0.001680 seconds.
Begin MonoManager ReloadAssembly
Native extension for WindowsStandalone target not found
Refreshing native plugins compatible for Editor in 1.19 ms, found 0 plugins.
Preloading 0 native plugins for Editor in 0.00 ms.
Invoked RoslynAnalysisRunner static constructor.
RoslynAnalysisRunner will not be running.
RoslynAnalysisRunner has terminated.
Mono: successfully reloaded assembly
- Completed reload, in  2.703 seconds
Platform modules already initialized, skipping
Refreshing native plugins compatible for Editor in 0.61 ms, found 0 plugins.
Preloading 0 native plugins for Editor in 0.00 ms.
Unloading 1115 Unused Serialized files (Serialized files now loaded: 0)
System memory in use before: 74.1 MB.
System memory in use after: 74.2 MB.

Unloading 5 unused Assets to reduce memory usage. Loaded Objects now: 1640.
Total: 2.776800 ms (FindLiveObjects: 0.228300 ms CreateObjectMapping: 0.062300 ms MarkObjects: 2.386600 ms  DeleteObjects: 0.097900 ms)

========================================================================
Received Import Request.
  Time since last request: 197.671204 seconds.
  path: Assets/Scripts/GameManager.cs
  artifactKey: Guid(26ac9ceb7afacec43ad0078973619f13) Importer(815301076,1909f56bfc062723c751e8b465ee728b)
Start importing Assets/Scripts/GameManager.cs using Guid(26ac9ceb7afacec43ad0078973619f13) Importer(815301076,1909f56bfc062723c751e8b465ee728b)  -> (artifact id: '4ef3ffa2f32fdb54f96fc9bac7390009') in 0.010441 seconds
  Import took 0.017228 seconds .

========================================================================
Received Prepare
Registering precompiled user dll's ...
Registered in 0.001414 seconds.
Begin MonoManager ReloadAssembly
Native extension for WindowsStandalone target not found
Refreshing native plugins compatible for Editor in 0.50 ms, found 0 plugins.
Preloading 0 native plugins for Editor in 0.00 ms.
Invoked RoslynAnalysisRunner static constructor.
RoslynAnalysisRunner will not be running.
RoslynAnalysisRunner has terminated.
Mono: successfully reloaded assembly
- Completed reload, in  2.015 seconds
Platform modules already initialized, skipping
Refreshing native plugins compatible for Editor in 0.27 ms, found 0 plugins.
Preloading 0 native plugins for Editor in 0.00 ms.
Unloading 1115 Unused Serialized files (Serialized files now loaded: 0)
System memory in use before: 74.1 MB.
System memory in use after: 74.2 MB.

Unloading 5 unused Assets to reduce memory usage. Loaded Objects now: 1643.
Total: 3.149800 ms (FindLiveObjects: 0.351300 ms CreateObjectMapping: 0.093800 ms MarkObjects: 2.641200 ms  DeleteObjects: 0.062200 ms)

========================================================================
Received Import Request.
  Time since last request: 132.609150 seconds.
  path: Assets/Scenes/Demo_Scene_D 1.unity
  artifactKey: Guid(cd2f1f148324d0d4c8ac88141fe0d748) Importer(815301076,1909f56bfc062723c751e8b465ee728b)
Start importing Assets/Scenes/Demo_Scene_D 1.unity using Guid(cd2f1f148324d0d4c8ac88141fe0d748) Importer(815301076,1909f56bfc062723c751e8b465ee728b)  -> (artifact id: 'd69d4edb22ff4d3cb210d841602c1078') in 0.035473 seconds
  Import took 0.042969 seconds .

========================================================================
Received Import Request.
  Time since last request: 7.343330 seconds.
  path: Assets/Scenes/Main.unity
  artifactKey: Guid(cd2f1f148324d0d4c8ac88141fe0d748) Importer(815301076,1909f56bfc062723c751e8b465ee728b)
Start importing Assets/Scenes/Main.unity using Guid(cd2f1f148324d0d4c8ac88141fe0d748) Importer(815301076,1909f56bfc062723c751e8b465ee728b)  -> (artifact id: '29851ef61689db9cab629d5769aba3f7') in 0.045479 seconds
  Import took 0.058974 seconds .

========================================================================
Received Import Request.
  Time since last request: 322.065224 seconds.
  path: Assets/Scripts/GameManager.cs
  artifactKey: Guid(26ac9ceb7afacec43ad0078973619f13) Importer(815301076,1909f56bfc062723c751e8b465ee728b)
Start importing Assets/Scripts/GameManager.cs using Guid(26ac9ceb7afacec43ad0078973619f13) Importer(815301076,1909f56bfc062723c751e8b465ee728b)  -> (artifact id: '8c1a6190073e01f9a407581ae287bd02') in 0.006008 seconds
  Import took 0.013025 seconds .

========================================================================
Received Import Request.
  Time since last request: 0.002627 seconds.
  path: Assets/Scripts/GameManager.cs
  artifactKey: Guid(26ac9ceb7afacec43ad0078973619f13) Importer(815301076,1909f56bfc062723c751e8b465ee728b)
Start importing Assets/Scripts/GameManager.cs using Guid(26ac9ceb7afacec43ad0078973619f13) Importer(815301076,1909f56bfc062723c751e8b465ee728b)  -> (artifact id: '8c1a6190073e01f9a407581ae287bd02') in 0.005734 seconds
  Import took 0.009399 seconds .

========================================================================
Received Prepare
Registering precompiled user dll's ...
Registered in 0.001413 seconds.
Begin MonoManager ReloadAssembly
Native extension for WindowsStandalone target not found
Refreshing native plugins compatible for Editor in 0.40 ms, found 0 plugins.
Preloading 0 native plugins for Editor in 0.00 ms.
Invoked RoslynAnalysisRunner static constructor.
RoslynAnalysisRunner will not be running.
RoslynAnalysisRunner has terminated.
Mono: successfully reloaded assembly
- Completed reload, in  2.210 seconds
Platform modules already initialized, skipping
Refreshing native plugins compatible for Editor in 0.60 ms, found 0 plugins.
Preloading 0 native plugins for Editor in 0.00 ms.
Unloading 1115 Unused Serialized files (Serialized files now loaded: 0)
System memory in use before: 74.2 MB.
System memory in use after: 74.2 MB.

Unloading 5 unused Assets to reduce memory usage. Loaded Objects now: 1646.
Total: 3.046700 ms (FindLiveObjects: 0.216500 ms CreateObjectMapping: 0.066000 ms MarkObjects: 2.658400 ms  DeleteObjects: 0.104200 ms)

========================================================================
Received Import Request.
  Time since last request: 120.949169 seconds.
  path: Assets/Scripts/GameManager.cs
  artifactKey: Guid(26ac9ceb7afacec43ad0078973619f13) Importer(815301076,1909f56bfc062723c751e8b465ee728b)
Start importing Assets/Scripts/GameManager.cs using Guid(26ac9ceb7afacec43ad0078973619f13) Importer(815301076,1909f56bfc062723c751e8b465ee728b)  -> (artifact id: 'eaac97c283297e4e68dfe4d7153a670c') in 0.016790 seconds
  Import took 0.022840 seconds .

========================================================================
Received Prepare
Registering precompiled user dll's ...
Registered in 0.001527 seconds.
Begin MonoManager ReloadAssembly
Native extension for WindowsStandalone target not found
Refreshing native plugins compatible for Editor in 0.24 ms, found 0 plugins.
Preloading 0 native plugins for Editor in 0.00 ms.
Invoked RoslynAnalysisRunner static constructor.
RoslynAnalysisRunner will not be running.
RoslynAnalysisRunner has terminated.
Mono: successfully reloaded assembly
- Completed reload, in  1.066 seconds
Platform modules already initialized, skipping
Refreshing native plugins compatible for Editor in 0.27 ms, found 0 plugins.
Preloading 0 native plugins for Editor in 0.00 ms.
Unloading 1115 Unused Serialized files (Serialized files now loaded: 0)
System memory in use before: 74.2 MB.
System memory in use after: 74.3 MB.

Unloading 5 unused Assets to reduce memory usage. Loaded Objects now: 1649.
Total: 2.921400 ms (FindLiveObjects: 0.234900 ms CreateObjectMapping: 0.065700 ms MarkObjects: 2.518500 ms  DeleteObjects: 0.100200 ms)

========================================================================
Received Prepare
Registering precompiled user dll's ...
Registered in 0.001820 seconds.
Begin MonoManager ReloadAssembly
Native extension for WindowsStandalone target not found
Refreshing native plugins compatible for Editor in 0.50 ms, found 0 plugins.
Preloading 0 native plugins for Editor in 0.00 ms.
Invoked RoslynAnalysisRunner static constructor.
RoslynAnalysisRunner will not be running.
RoslynAnalysisRunner has terminated.
Mono: successfully reloaded assembly
- Completed reload, in  2.738 seconds
Platform modules already initialized, skipping
Refreshing native plugins compatible for Editor in 0.68 ms, found 0 plugins.
Preloading 0 native plugins for Editor in 0.00 ms.
Unloading 1115 Unused Serialized files (Serialized files now loaded: 0)
System memory in use before: 74.2 MB.
System memory in use after: 74.3 MB.

Unloading 5 unused Assets to reduce memory usage. Loaded Objects now: 1652.
Total: 3.889900 ms (FindLiveObjects: 0.267900 ms CreateObjectMapping: 0.076500 ms MarkObjects: 3.442300 ms  DeleteObjects: 0.100900 ms)

========================================================================
Received Import Request.
  Time since last request: 698.139443 seconds.
  path: Assets/Prefabs/Materials/UI.png
  artifactKey: Guid(cb8141a423d48ed448e033c75fafce8e) Importer(815301076,1909f56bfc062723c751e8b465ee728b)
Start importing Assets/Prefabs/Materials/UI.png using Guid(cb8141a423d48ed448e033c75fafce8e) Importer(815301076,1909f56bfc062723c751e8b465ee728b)  -> (artifact id: '6c4022381e47996daad8c5fb5ec5535e') in 0.089200 seconds
  Import took 0.095100 seconds .

========================================================================
Received Import Request.
  Time since last request: 7.549855 seconds.
  path: Assets/Prefabs/Materials/UI.png
  artifactKey: Guid(cb8141a423d48ed448e033c75fafce8e) Importer(815301076,1909f56bfc062723c751e8b465ee728b)
Start importing Assets/Prefabs/Materials/UI.png using Guid(cb8141a423d48ed448e033c75fafce8e) Importer(815301076,1909f56bfc062723c751e8b465ee728b)  -> (artifact id: '11862c63c618a5003ff411f24344ea75') in 0.082184 seconds
  Import took 0.087563 seconds .

========================================================================
Received Import Request.
  Time since last request: 0.001918 seconds.
  path: Assets/Prefabs/Materials/UI.png
  artifactKey: Guid(cb8141a423d48ed448e033c75fafce8e) Importer(815301076,1909f56bfc062723c751e8b465ee728b)
Start importing Assets/Prefabs/Materials/UI.png using Guid(cb8141a423d48ed448e033c75fafce8e) Importer(815301076,1909f56bfc062723c751e8b465ee728b)  -> (artifact id: '11862c63c618a5003ff411f24344ea75') in 0.032242 seconds
  Import took 0.037676 seconds .

========================================================================
Received Import Request.
  Time since last request: 1422.504197 seconds.
  path: ProjectSettings/TagManager.asset
  artifactKey: Guid(00000000000000003000000000000000) Importer(815301076,1909f56bfc062723c751e8b465ee728b)
Start importing ProjectSettings/TagManager.asset using Guid(00000000000000003000000000000000) Importer(815301076,1909f56bfc062723c751e8b465ee728b)  -> (artifact id: '79a3c27d654eb71b77ef1c2eb771658d') in 0.021737 seconds
  Import took 0.028432 seconds .

========================================================================
Received Import Request.
  Time since last request: 10.732767 seconds.
  path: Assets/Prefabs/CoinPrefab 1.prefab
  artifactKey: Guid(cb05236b2f2bd9149b058cf42e301a01) Importer(815301076,1909f56bfc062723c751e8b465ee728b)
Start importing Assets/Prefabs/CoinPrefab 1.prefab using Guid(cb05236b2f2bd9149b058cf42e301a01) Importer(815301076,1909f56bfc062723c751e8b465ee728b)  -> (artifact id: '5726eb02b55144943188f82d43d1dcfb') in 0.153147 seconds
  Import took 0.161429 seconds .

========================================================================
Received Prepare
Registering precompiled user dll's ...
Registered in 0.003431 seconds.
Begin MonoManager ReloadAssembly
Native extension for WindowsStandalone target not found
Refreshing native plugins compatible for Editor in 0.42 ms, found 0 plugins.
Preloading 0 native plugins for Editor in 0.00 ms.
Invoked RoslynAnalysisRunner static constructor.
RoslynAnalysisRunner will not be running.
RoslynAnalysisRunner has terminated.
Mono: successfully reloaded assembly
- Completed reload, in  2.505 seconds
Platform modules already initialized, skipping
Refreshing native plugins compatible for Editor in 0.49 ms, found 0 plugins.
Preloading 0 native plugins for Editor in 0.00 ms.
Unloading 1115 Unused Serialized files (Serialized files now loaded: 0)
System memory in use before: 74.2 MB.
System memory in use after: 74.3 MB.

Unloading 6 unused Assets to reduce memory usage. Loaded Objects now: 1659.
Total: 4.058500 ms (FindLiveObjects: 0.277200 ms CreateObjectMapping: 0.080800 ms MarkObjects: 3.569500 ms  DeleteObjects: 0.128100 ms)

========================================================================
Received Prepare
Registering precompiled user dll's ...
Registered in 0.002295 seconds.
Begin MonoManager ReloadAssembly
Native extension for WindowsStandalone target not found
Refreshing native plugins compatible for Editor in 0.40 ms, found 0 plugins.
Preloading 0 native plugins for Editor in 0.00 ms.
Invoked RoslynAnalysisRunner static constructor.
RoslynAnalysisRunner will not be running.
RoslynAnalysisRunner has terminated.
Mono: successfully reloaded assembly
- Completed reload, in  2.082 seconds
Platform modules already initialized, skipping
Refreshing native plugins compatible for Editor in 0.53 ms, found 0 plugins.
Preloading 0 native plugins for Editor in 0.00 ms.
Unloading 1115 Unused Serialized files (Serialized files now loaded: 0)
System memory in use before: 74.2 MB.
System memory in use after: 74.3 MB.

Unloading 5 unused Assets to reduce memory usage. Loaded Objects now: 1662.
Total: 3.708400 ms (FindLiveObjects: 0.286100 ms CreateObjectMapping: 0.079100 ms MarkObjects: 3.212800 ms  DeleteObjects: 0.127800 ms)

========================================================================
Received Prepare
Registering precompiled user dll's ...
Registered in 0.002309 seconds.
Begin MonoManager ReloadAssembly
Native extension for WindowsStandalone target not found
Refreshing native plugins compatible for Editor in 0.60 ms, found 0 plugins.
Preloading 0 native plugins for Editor in 0.00 ms.
Invoked RoslynAnalysisRunner static constructor.
RoslynAnalysisRunner will not be running.
RoslynAnalysisRunner has terminated.
Mono: successfully reloaded assembly
- Completed reload, in  2.493 seconds
Platform modules already initialized, skipping
Refreshing native plugins compatible for Editor in 0.52 ms, found 0 plugins.
Preloading 0 native plugins for Editor in 0.00 ms.
Unloading 1115 Unused Serialized files (Serialized files now loaded: 0)
System memory in use before: 74.2 MB.
System memory in use after: 74.3 MB.

Unloading 5 unused Assets to reduce memory usage. Loaded Objects now: 1665.
Total: 3.578200 ms (FindLiveObjects: 0.276500 ms CreateObjectMapping: 0.079000 ms MarkObjects: 3.117100 ms  DeleteObjects: 0.102900 ms)

AssetImportWorkerClient::OnTransportError - code=2 error=End of file
