Using pre-set license
Built from '2020.3/release' branch; Version is '2020.3.1f1 (77a89f25062f) revision 7841951'; Using compiler version '192528614'; Build Type 'Release'
OS: 'Windows 10 Home Single Language; OS build 19042.1165; Version 2009; 64bit' Language: 'ru' Physical Memory: 8042 MB
BatchMode: 1, IsHumanControllingUs: 0, StartBugReporterOnCrash: 0, Is64bit: 1, IsPro: 0

 COMMAND LINE ARGUMENTS:
C:\Program Files\Unity\Hub\Editor\2020.3.1f1\Editor\Unity.exe
-adb2
-batchMode
-noUpm
-name
AssetImportWorker0
-projectPath
C:/Users/Gregory/Desktop/RunnerDemo
-logFile
Logs/AssetImportWorker0.log
-srvPort
58027
Successfully changed project path to: C:/Users/Gregory/Desktop/RunnerDemo
C:/Users/Gregory/Desktop/RunnerDemo
Using Asset Import Pipeline V2.
Refreshing native plugins compatible for Editor in 177.87 ms, found 0 plugins.
Preloading 0 native plugins for Editor in 0.01 ms.
Initialize engine version: 2020.3.1f1 (77a89f25062f)
[Subsystems] Discovering subsystems at path C:/Program Files/Unity/Hub/Editor/2020.3.1f1/Editor/Data/Resources/UnitySubsystems
[Subsystems] Discovering subsystems at path C:/Users/Gregory/Desktop/RunnerDemo/Assets
GfxDevice: creating device client; threaded=0
Direct3D:
    Version:  Direct3D 11.0 [level 11.1]
    Renderer: NVIDIA GeForce MX150 (ID=0x1d12)
    Vendor:   
    VRAM:     1983 MB
    Driver:   25.21.14.1972
Initialize mono
Mono path[0] = 'C:/Program Files/Unity/Hub/Editor/2020.3.1f1/Editor/Data/Managed'
Mono path[1] = 'C:/Program Files/Unity/Hub/Editor/2020.3.1f1/Editor/Data/MonoBleedingEdge/lib/mono/unityjit'
Mono config path = 'C:/Program Files/Unity/Hub/Editor/2020.3.1f1/Editor/Data/MonoBleedingEdge/etc'
Using monoOptions --debugger-agent=transport=dt_socket,embedding=1,server=y,suspend=n,address=127.0.0.1:56460
Begin MonoManager ReloadAssembly
Registering precompiled unity dll's ...
Register platform support module: C:/Program Files/Unity/Hub/Editor/2020.3.1f1/Editor/Data/PlaybackEngines/WindowsStandaloneSupport/UnityEditor.WindowsStandalone.Extensions.dll
Registered in 0.004239 seconds.
Native extension for WindowsStandalone target not found
Refreshing native plugins compatible for Editor in 31.15 ms, found 0 plugins.
Preloading 0 native plugins for Editor in 0.00 ms.
Invoked RoslynAnalysisRunner static constructor.
RoslynAnalysisRunner will not be running.
RoslynAnalysisRunner has terminated.
Mono: successfully reloaded assembly
- Completed reload, in  5.641 seconds
Platform modules already initialized, skipping
Registering precompiled user dll's ...
Registered in 0.002585 seconds.
Begin MonoManager ReloadAssembly
Native extension for WindowsStandalone target not found
Refreshing native plugins compatible for Editor in 0.24 ms, found 0 plugins.
Preloading 0 native plugins for Editor in 0.00 ms.
Invoked RoslynAnalysisRunner static constructor.
RoslynAnalysisRunner will not be running.
RoslynAnalysisRunner has terminated.
Mono: successfully reloaded assembly
- Completed reload, in  0.945 seconds
Platform modules already initialized, skipping
========================================================================
Worker process is ready to serve import requests
Launched and connected shader compiler UnityShaderCompiler.exe after 0.14 seconds
Refreshing native plugins compatible for Editor in 0.24 ms, found 0 plugins.
Preloading 0 native plugins for Editor in 0.00 ms.
Unloading 1120 Unused Serialized files (Serialized files now loaded: 0)
System memory in use before: 70.8 MB.
System memory in use after: 70.8 MB.

Unloading 10 unused Assets to reduce memory usage. Loaded Objects now: 1590.
Total: 5.249700 ms (FindLiveObjects: 0.372000 ms CreateObjectMapping: 0.152600 ms MarkObjects: 4.442500 ms  DeleteObjects: 0.278600 ms)

========================================================================
Received Import Request.
  path: Assets/Animations/CharacterAnimationController.controller
  artifactKey: Guid(fffbfeeb679ac9146a13740971dd119b) Importer(815301076,1909f56bfc062723c751e8b465ee728b)
Start importing Assets/Animations/CharacterAnimationController.controller using Guid(fffbfeeb679ac9146a13740971dd119b) Importer(815301076,1909f56bfc062723c751e8b465ee728b)  -> (artifact id: '95c58c5b3692b422a1837f1a7e033d9d') in 0.069721 seconds
  Import took 0.074793 seconds .

========================================================================
Received Prepare
Registering precompiled user dll's ...
Registered in 0.000832 seconds.
Begin MonoManager ReloadAssembly
Native extension for WindowsStandalone target not found
Refreshing native plugins compatible for Editor in 0.26 ms, found 0 plugins.
Preloading 0 native plugins for Editor in 0.00 ms.
Invoked RoslynAnalysisRunner static constructor.
RoslynAnalysisRunner will not be running.
RoslynAnalysisRunner has terminated.
Mono: successfully reloaded assembly
- Completed reload, in  0.877 seconds
Platform modules already initialized, skipping
Refreshing native plugins compatible for Editor in 0.28 ms, found 0 plugins.
Preloading 0 native plugins for Editor in 0.00 ms.
Unloading 1115 Unused Serialized files (Serialized files now loaded: 0)
System memory in use before: 70.7 MB.
System memory in use after: 70.8 MB.

Unloading 5 unused Assets to reduce memory usage. Loaded Objects now: 1593.
Total: 2.187100 ms (FindLiveObjects: 0.301400 ms CreateObjectMapping: 0.080600 ms MarkObjects: 1.741100 ms  DeleteObjects: 0.063100 ms)

========================================================================
Received Import Request.
  Time since last request: 1158.302856 seconds.
  path: Assets/Kenney/Kenney Character Assets/Accessories/Animals/earsA.fbx
  artifactKey: Guid(e56bd22ea9a6e584ca1910fb339f1027) Importer(815301076,1909f56bfc062723c751e8b465ee728b)
Start importing Assets/Kenney/Kenney Character Assets/Accessories/Animals/earsA.fbx using Guid(e56bd22ea9a6e584ca1910fb339f1027) Importer(815301076,1909f56bfc062723c751e8b465ee728b)  -> (artifact id: '9e155801aa8f7f9eb261a20a0855814c') in 0.225826 seconds
  Import took 0.228875 seconds .

========================================================================
Received Import Request.
  Time since last request: 0.000269 seconds.
  path: Assets/Kenney/Kenney Character Assets/Accessories/Animals/tailA.fbx
  artifactKey: Guid(1e385fbd37c54044da20c7278c3b157a) Importer(815301076,1909f56bfc062723c751e8b465ee728b)
Start importing Assets/Kenney/Kenney Character Assets/Accessories/Animals/tailA.fbx using Guid(1e385fbd37c54044da20c7278c3b157a) Importer(815301076,1909f56bfc062723c751e8b465ee728b)  -> (artifact id: 'eba00aaea637b7039a1e13785b234f47') in 0.050827 seconds
  Import took 0.054229 seconds .

========================================================================
Received Import Request.
  Time since last request: 0.000274 seconds.
  path: Assets/Kenney/Kenney Character Assets/Accessories/Animals/earSingle.fbx
  artifactKey: Guid(a27d0286341f7b747a8d5d6a8bbf74ea) Importer(815301076,1909f56bfc062723c751e8b465ee728b)
Start importing Assets/Kenney/Kenney Character Assets/Accessories/Animals/earSingle.fbx using Guid(a27d0286341f7b747a8d5d6a8bbf74ea) Importer(815301076,1909f56bfc062723c751e8b465ee728b)  -> (artifact id: '9a0e50828fe0ec05e27c12ce33e90c37') in 0.047679 seconds
  Import took 0.050454 seconds .

========================================================================
Received Import Request.
  Time since last request: 0.000299 seconds.
  path: Assets/Kenney/Kenney Character Assets/Accessories/Animals/earsC.fbx
  artifactKey: Guid(fb7defd22de9f2d41b772d04f3fbeedf) Importer(815301076,1909f56bfc062723c751e8b465ee728b)
Start importing Assets/Kenney/Kenney Character Assets/Accessories/Animals/earsC.fbx using Guid(fb7defd22de9f2d41b772d04f3fbeedf) Importer(815301076,1909f56bfc062723c751e8b465ee728b)  -> (artifact id: 'c04c7c48561368128c576589a05a7606') in 0.041593 seconds
  Import took 0.044394 seconds .

========================================================================
Received Import Request.
  Time since last request: 0.000445 seconds.
  path: Assets/Kenney/Kenney Character Assets/Accessories/Animals/earsD.fbx
  artifactKey: Guid(9362446499fedc944806e1ac8b11ce80) Importer(815301076,1909f56bfc062723c751e8b465ee728b)
Start importing Assets/Kenney/Kenney Character Assets/Accessories/Animals/earsD.fbx using Guid(9362446499fedc944806e1ac8b11ce80) Importer(815301076,1909f56bfc062723c751e8b465ee728b)  -> (artifact id: '50701c403a0a633d2badc92e0d770d9b') in 0.040020 seconds
  Import took 0.043901 seconds .

========================================================================
Received Import Request.
  Time since last request: 0.000301 seconds.
  path: Assets/Kenney/Kenney Character Assets/Accessories/Animals/mouthA.fbx
  artifactKey: Guid(4967474a310e69f46a29fcba0e4df45c) Importer(815301076,1909f56bfc062723c751e8b465ee728b)
Start importing Assets/Kenney/Kenney Character Assets/Accessories/Animals/mouthA.fbx using Guid(4967474a310e69f46a29fcba0e4df45c) Importer(815301076,1909f56bfc062723c751e8b465ee728b)  -> (artifact id: 'b16938c56bbb2c21237c866809f8dd02') in 0.050154 seconds
  Import took 0.054128 seconds .

========================================================================
Received Import Request.
  Time since last request: 0.000319 seconds.
  path: Assets/Kenney/Kenney Character Assets/Accessories/Animals/mouthB.fbx
  artifactKey: Guid(3221e7f75d9e55a469f488daadecbb39) Importer(815301076,1909f56bfc062723c751e8b465ee728b)
Start importing Assets/Kenney/Kenney Character Assets/Accessories/Animals/mouthB.fbx using Guid(3221e7f75d9e55a469f488daadecbb39) Importer(815301076,1909f56bfc062723c751e8b465ee728b)  -> (artifact id: '345b61ef2db6ffd19d18b7032f12bc8c') in 0.047273 seconds
  Import took 0.051646 seconds .

========================================================================
Received Import Request.
  Time since last request: 0.000266 seconds.
  path: Assets/Kenney/Kenney Character Assets/Accessories/Animals/earsE.fbx
  artifactKey: Guid(ec2072ba25cb6b147bc228e4e0766224) Importer(815301076,1909f56bfc062723c751e8b465ee728b)
Start importing Assets/Kenney/Kenney Character Assets/Accessories/Animals/earsE.fbx using Guid(ec2072ba25cb6b147bc228e4e0766224) Importer(815301076,1909f56bfc062723c751e8b465ee728b)  -> (artifact id: '05dba5038ba3baa5fd748ed053bc9f1f') in 0.042903 seconds
  Import took 0.045478 seconds .

========================================================================
Received Import Request.
  Time since last request: 0.000271 seconds.
  path: Assets/Kenney/Kenney Character Assets/Accessories/Animals/tailB.fbx
  artifactKey: Guid(f6081cbe69cd72b44a08c3d705a4442b) Importer(815301076,1909f56bfc062723c751e8b465ee728b)
Start importing Assets/Kenney/Kenney Character Assets/Accessories/Animals/tailB.fbx using Guid(f6081cbe69cd72b44a08c3d705a4442b) Importer(815301076,1909f56bfc062723c751e8b465ee728b)  -> (artifact id: 'bd6941fb8de11ba2d3269c2c79f285d6') in 0.044278 seconds
  Import took 0.047373 seconds .

========================================================================
Received Import Request.
  Time since last request: 0.000280 seconds.
  path: Assets/Kenney/Kenney Character Assets/Accessories/Animals/earsB.fbx
  artifactKey: Guid(a9a8fcf02b9fc1b40a6cdcea9029bf53) Importer(815301076,1909f56bfc062723c751e8b465ee728b)
Start importing Assets/Kenney/Kenney Character Assets/Accessories/Animals/earsB.fbx using Guid(a9a8fcf02b9fc1b40a6cdcea9029bf53) Importer(815301076,1909f56bfc062723c751e8b465ee728b)  -> (artifact id: '2ab5611bbc1f368e6244d012dbf2241b') in 0.042942 seconds
  Import took 0.045907 seconds .

========================================================================
Received Import Request.
  Time since last request: 0.003057 seconds.
  path: Assets/Kenney/Kenney Character Assets/Accessories/Animals/earsB.fbx
  artifactKey: Guid(a9a8fcf02b9fc1b40a6cdcea9029bf53) Importer(815301076,1909f56bfc062723c751e8b465ee728b)
Start importing Assets/Kenney/Kenney Character Assets/Accessories/Animals/earsB.fbx using Guid(a9a8fcf02b9fc1b40a6cdcea9029bf53) Importer(815301076,1909f56bfc062723c751e8b465ee728b)  -> (artifact id: '2ab5611bbc1f368e6244d012dbf2241b') in 0.015752 seconds
  Import took 0.018783 seconds .

========================================================================
Received Prepare
Registering precompiled user dll's ...
Registered in 0.000973 seconds.
Begin MonoManager ReloadAssembly
Native extension for WindowsStandalone target not found
Refreshing native plugins compatible for Editor in 0.29 ms, found 0 plugins.
Preloading 0 native plugins for Editor in 0.00 ms.
Invoked RoslynAnalysisRunner static constructor.
RoslynAnalysisRunner will not be running.
RoslynAnalysisRunner has terminated.
Mono: successfully reloaded assembly
- Completed reload, in  0.990 seconds
Platform modules already initialized, skipping
Refreshing native plugins compatible for Editor in 0.28 ms, found 0 plugins.
Preloading 0 native plugins for Editor in 0.00 ms.
Unloading 1115 Unused Serialized files (Serialized files now loaded: 0)
System memory in use before: 74.2 MB.
System memory in use after: 74.2 MB.

Unloading 5 unused Assets to reduce memory usage. Loaded Objects now: 1606.
Total: 1.905100 ms (FindLiveObjects: 0.178600 ms CreateObjectMapping: 0.049000 ms MarkObjects: 1.608200 ms  DeleteObjects: 0.068100 ms)

========================================================================
Received Import Request.
  Time since last request: 13.309713 seconds.
  path: Assets/Prefabs/CoinPrefab 1.prefab
  artifactKey: Guid(cb05236b2f2bd9149b058cf42e301a01) Importer(815301076,1909f56bfc062723c751e8b465ee728b)
Start importing Assets/Prefabs/CoinPrefab 1.prefab using Guid(cb05236b2f2bd9149b058cf42e301a01) Importer(815301076,1909f56bfc062723c751e8b465ee728b)  -> (artifact id: '51f7c3dfe444aceb407508699fe802f5') in 0.093703 seconds
  Import took 0.096446 seconds .

========================================================================
Received Prepare
Registering precompiled user dll's ...
Registered in 0.000999 seconds.
Begin MonoManager ReloadAssembly
Native extension for WindowsStandalone target not found
Refreshing native plugins compatible for Editor in 0.31 ms, found 0 plugins.
Preloading 0 native plugins for Editor in 0.00 ms.
Invoked RoslynAnalysisRunner static constructor.
RoslynAnalysisRunner will not be running.
RoslynAnalysisRunner has terminated.
Mono: successfully reloaded assembly
- Completed reload, in  1.068 seconds
Platform modules already initialized, skipping
Refreshing native plugins compatible for Editor in 0.34 ms, found 0 plugins.
Preloading 0 native plugins for Editor in 0.00 ms.
Unloading 1115 Unused Serialized files (Serialized files now loaded: 0)
System memory in use before: 74.2 MB.
System memory in use after: 74.3 MB.

Unloading 5 unused Assets to reduce memory usage. Loaded Objects now: 1611.
Total: 4.479700 ms (FindLiveObjects: 0.355200 ms CreateObjectMapping: 0.095900 ms MarkObjects: 3.898300 ms  DeleteObjects: 0.127200 ms)

========================================================================
Received Import Request.
  Time since last request: 91.233042 seconds.
  path: Assets/Prefabs/CoinPrefab 1.prefab
  artifactKey: Guid(cb05236b2f2bd9149b058cf42e301a01) Importer(815301076,1909f56bfc062723c751e8b465ee728b)
Start importing Assets/Prefabs/CoinPrefab 1.prefab using Guid(cb05236b2f2bd9149b058cf42e301a01) Importer(815301076,1909f56bfc062723c751e8b465ee728b)  -> (artifact id: '4be907ba534a4e71ee5649f7d7478f8d') in 0.076222 seconds
  Import took 0.080062 seconds .

========================================================================
Received Import Request.
  Time since last request: 3.555273 seconds.
  path: Assets/Prefabs/CoinPrefab 1.prefab
  artifactKey: Guid(cb05236b2f2bd9149b058cf42e301a01) Importer(815301076,1909f56bfc062723c751e8b465ee728b)
Start importing Assets/Prefabs/CoinPrefab 1.prefab using Guid(cb05236b2f2bd9149b058cf42e301a01) Importer(815301076,1909f56bfc062723c751e8b465ee728b)  -> (artifact id: '63394aef7bd1ea17b8024a546adf8b6e') in 0.018274 seconds
  Import took 0.021483 seconds .

========================================================================
Received Prepare
Registering precompiled user dll's ...
Registered in 0.000834 seconds.
Begin MonoManager ReloadAssembly
Native extension for WindowsStandalone target not found
Refreshing native plugins compatible for Editor in 0.32 ms, found 0 plugins.
Preloading 0 native plugins for Editor in 0.00 ms.
Invoked RoslynAnalysisRunner static constructor.
RoslynAnalysisRunner will not be running.
RoslynAnalysisRunner has terminated.
Mono: successfully reloaded assembly
- Completed reload, in  1.004 seconds
Platform modules already initialized, skipping
Refreshing native plugins compatible for Editor in 0.36 ms, found 0 plugins.
Preloading 0 native plugins for Editor in 0.00 ms.
Unloading 1115 Unused Serialized files (Serialized files now loaded: 0)
System memory in use before: 74.2 MB.
System memory in use after: 74.3 MB.

Unloading 5 unused Assets to reduce memory usage. Loaded Objects now: 1615.
Total: 2.221800 ms (FindLiveObjects: 0.255900 ms CreateObjectMapping: 0.063400 ms MarkObjects: 1.825100 ms  DeleteObjects: 0.075600 ms)

========================================================================
Received Prepare
Registering precompiled user dll's ...
Registered in 0.001302 seconds.
Begin MonoManager ReloadAssembly
Native extension for WindowsStandalone target not found
Refreshing native plugins compatible for Editor in 0.30 ms, found 0 plugins.
Preloading 0 native plugins for Editor in 0.00 ms.
Invoked RoslynAnalysisRunner static constructor.
RoslynAnalysisRunner will not be running.
RoslynAnalysisRunner has terminated.
Mono: successfully reloaded assembly
- Completed reload, in  1.034 seconds
Platform modules already initialized, skipping
Refreshing native plugins compatible for Editor in 0.29 ms, found 0 plugins.
Preloading 0 native plugins for Editor in 0.00 ms.
Unloading 1115 Unused Serialized files (Serialized files now loaded: 0)
System memory in use before: 74.2 MB.
System memory in use after: 74.3 MB.

Unloading 5 unused Assets to reduce memory usage. Loaded Objects now: 1618.
Total: 3.734900 ms (FindLiveObjects: 0.333300 ms CreateObjectMapping: 0.087000 ms MarkObjects: 3.185500 ms  DeleteObjects: 0.126600 ms)

========================================================================
Received Prepare
Registering precompiled user dll's ...
Registered in 0.000862 seconds.
Begin MonoManager ReloadAssembly
Native extension for WindowsStandalone target not found
Refreshing native plugins compatible for Editor in 0.27 ms, found 0 plugins.
Preloading 0 native plugins for Editor in 0.00 ms.
Invoked RoslynAnalysisRunner static constructor.
RoslynAnalysisRunner will not be running.
RoslynAnalysisRunner has terminated.
Mono: successfully reloaded assembly
- Completed reload, in  1.150 seconds
Platform modules already initialized, skipping
Refreshing native plugins compatible for Editor in 0.27 ms, found 0 plugins.
Preloading 0 native plugins for Editor in 0.00 ms.
Unloading 1115 Unused Serialized files (Serialized files now loaded: 0)
System memory in use before: 74.2 MB.
System memory in use after: 74.3 MB.

Unloading 5 unused Assets to reduce memory usage. Loaded Objects now: 1621.
Total: 1.918100 ms (FindLiveObjects: 0.177500 ms CreateObjectMapping: 0.043600 ms MarkObjects: 1.636700 ms  DeleteObjects: 0.058900 ms)

========================================================================
Received Prepare
Registering precompiled user dll's ...
Registered in 0.002640 seconds.
Begin MonoManager ReloadAssembly
Native extension for WindowsStandalone target not found
Refreshing native plugins compatible for Editor in 0.65 ms, found 0 plugins.
Preloading 0 native plugins for Editor in 0.00 ms.
Invoked RoslynAnalysisRunner static constructor.
RoslynAnalysisRunner will not be running.
RoslynAnalysisRunner has terminated.
Mono: successfully reloaded assembly
- Completed reload, in  3.548 seconds
Platform modules already initialized, skipping
Refreshing native plugins compatible for Editor in 1.26 ms, found 0 plugins.
Preloading 0 native plugins for Editor in 0.00 ms.
Unloading 1115 Unused Serialized files (Serialized files now loaded: 0)
System memory in use before: 74.2 MB.
System memory in use after: 74.3 MB.

Unloading 5 unused Assets to reduce memory usage. Loaded Objects now: 1624.
Total: 8.945000 ms (FindLiveObjects: 0.600200 ms CreateObjectMapping: 0.285900 ms MarkObjects: 7.889100 ms  DeleteObjects: 0.165600 ms)

========================================================================
Received Import Request.
  Time since last request: 2413.090225 seconds.
  path: Assets/Prefabs/Platform 3.prefab
  artifactKey: Guid(615216c669de63f4582858e4573afa70) Importer(815301076,1909f56bfc062723c751e8b465ee728b)
Start importing Assets/Prefabs/Platform 3.prefab using Guid(615216c669de63f4582858e4573afa70) Importer(815301076,1909f56bfc062723c751e8b465ee728b)  -> (artifact id: '0eb0526c1e2719174c10ad76c9928fbf') in 0.080798 seconds
  Import took 0.084545 seconds .

========================================================================
Received Import Request.
  Time since last request: 3.542961 seconds.
  path: Assets/Prefabs/Platform 3.prefab
  artifactKey: Guid(615216c669de63f4582858e4573afa70) Importer(815301076,1909f56bfc062723c751e8b465ee728b)
Start importing Assets/Prefabs/Platform 3.prefab using Guid(615216c669de63f4582858e4573afa70) Importer(815301076,1909f56bfc062723c751e8b465ee728b)  -> (artifact id: '254652fc450be0a0ec508fa4df90945b') in 0.018347 seconds
  Import took 0.021020 seconds .

========================================================================
Received Import Request.
  Time since last request: 13.999339 seconds.
  path: Assets/Prefabs/Platform 3.prefab
  artifactKey: Guid(615216c669de63f4582858e4573afa70) Importer(815301076,1909f56bfc062723c751e8b465ee728b)
Start importing Assets/Prefabs/Platform 3.prefab using Guid(615216c669de63f4582858e4573afa70) Importer(815301076,1909f56bfc062723c751e8b465ee728b)  -> (artifact id: '9458b446e20ebe6a1118a0d54532166a') in 0.017442 seconds
  Import took 0.020842 seconds .

========================================================================
Received Import Request.
  Time since last request: 7.048145 seconds.
  path: Assets/Prefabs/Platform 3.prefab
  artifactKey: Guid(615216c669de63f4582858e4573afa70) Importer(815301076,1909f56bfc062723c751e8b465ee728b)
Start importing Assets/Prefabs/Platform 3.prefab using Guid(615216c669de63f4582858e4573afa70) Importer(815301076,1909f56bfc062723c751e8b465ee728b)  -> (artifact id: '99b254aa7992aa82356a0cccd4fd8fdf') in 0.015041 seconds
  Import took 0.019143 seconds .

========================================================================
Received Import Request.
  Time since last request: 2.829697 seconds.
  path: Assets/Prefabs/Platform 3.prefab
  artifactKey: Guid(615216c669de63f4582858e4573afa70) Importer(815301076,1909f56bfc062723c751e8b465ee728b)
Start importing Assets/Prefabs/Platform 3.prefab using Guid(615216c669de63f4582858e4573afa70) Importer(815301076,1909f56bfc062723c751e8b465ee728b)  -> (artifact id: '65ae5e820b9df39d8c9ed92829e7d2f2') in 0.022123 seconds
  Import took 0.025091 seconds .

========================================================================
Received Import Request.
  Time since last request: 6.648851 seconds.
  path: Assets/Prefabs/Platform 3.prefab
  artifactKey: Guid(615216c669de63f4582858e4573afa70) Importer(815301076,1909f56bfc062723c751e8b465ee728b)
Start importing Assets/Prefabs/Platform 3.prefab using Guid(615216c669de63f4582858e4573afa70) Importer(815301076,1909f56bfc062723c751e8b465ee728b)  -> (artifact id: 'a3c04305806f630face338378e186a39') in 0.017275 seconds
  Import took 0.021425 seconds .

========================================================================
Received Import Request.
  Time since last request: 3.229511 seconds.
  path: Assets/Prefabs/Platform 3.prefab
  artifactKey: Guid(615216c669de63f4582858e4573afa70) Importer(815301076,1909f56bfc062723c751e8b465ee728b)
Start importing Assets/Prefabs/Platform 3.prefab using Guid(615216c669de63f4582858e4573afa70) Importer(815301076,1909f56bfc062723c751e8b465ee728b)  -> (artifact id: 'fb2675805c7b6d422a764ab9bf0201cd') in 0.018973 seconds
  Import took 0.022963 seconds .

========================================================================
Received Import Request.
  Time since last request: 7.067362 seconds.
  path: Assets/Prefabs/Platform 3.prefab
  artifactKey: Guid(615216c669de63f4582858e4573afa70) Importer(815301076,1909f56bfc062723c751e8b465ee728b)
Start importing Assets/Prefabs/Platform 3.prefab using Guid(615216c669de63f4582858e4573afa70) Importer(815301076,1909f56bfc062723c751e8b465ee728b)  -> (artifact id: 'fed23ead1a8686b9492ace9acf5928d5') in 0.015547 seconds
  Import took 0.018928 seconds .

========================================================================
Received Import Request.
  Time since last request: 7.310582 seconds.
  path: Assets/Prefabs/Platform 3.prefab
  artifactKey: Guid(615216c669de63f4582858e4573afa70) Importer(815301076,1909f56bfc062723c751e8b465ee728b)
Start importing Assets/Prefabs/Platform 3.prefab using Guid(615216c669de63f4582858e4573afa70) Importer(815301076,1909f56bfc062723c751e8b465ee728b)  -> (artifact id: '75b1e06abb5a5e83e964f6806c8e9543') in 0.018146 seconds
  Import took 0.020696 seconds .

========================================================================
Received Prepare
Registering precompiled user dll's ...
Registered in 0.001362 seconds.
Begin MonoManager ReloadAssembly
Native extension for WindowsStandalone target not found
Refreshing native plugins compatible for Editor in 0.35 ms, found 0 plugins.
Preloading 0 native plugins for Editor in 0.00 ms.
Invoked RoslynAnalysisRunner static constructor.
RoslynAnalysisRunner will not be running.
RoslynAnalysisRunner has terminated.
Mono: successfully reloaded assembly
- Completed reload, in  1.235 seconds
Platform modules already initialized, skipping
Refreshing native plugins compatible for Editor in 0.31 ms, found 0 plugins.
Preloading 0 native plugins for Editor in 0.00 ms.
Unloading 1115 Unused Serialized files (Serialized files now loaded: 0)
System memory in use before: 74.3 MB.
System memory in use after: 74.3 MB.

Unloading 5 unused Assets to reduce memory usage. Loaded Objects now: 1629.
Total: 4.541400 ms (FindLiveObjects: 0.467500 ms CreateObjectMapping: 0.112900 ms MarkObjects: 3.796200 ms  DeleteObjects: 0.162000 ms)

========================================================================
Received Prepare
Registering precompiled user dll's ...
Registered in 0.001332 seconds.
Begin MonoManager ReloadAssembly
Native extension for WindowsStandalone target not found
Refreshing native plugins compatible for Editor in 0.36 ms, found 0 plugins.
Preloading 0 native plugins for Editor in 0.00 ms.
Invoked RoslynAnalysisRunner static constructor.
RoslynAnalysisRunner will not be running.
RoslynAnalysisRunner has terminated.
Mono: successfully reloaded assembly
- Completed reload, in  1.471 seconds
Platform modules already initialized, skipping
Refreshing native plugins compatible for Editor in 0.34 ms, found 0 plugins.
Preloading 0 native plugins for Editor in 0.00 ms.
Unloading 1115 Unused Serialized files (Serialized files now loaded: 0)
System memory in use before: 74.3 MB.
System memory in use after: 74.3 MB.

Unloading 5 unused Assets to reduce memory usage. Loaded Objects now: 1632.
Total: 2.372300 ms (FindLiveObjects: 0.196300 ms CreateObjectMapping: 0.086700 ms MarkObjects: 2.004000 ms  DeleteObjects: 0.084200 ms)

========================================================================
Received Import Request.
  Time since last request: 119.778176 seconds.
  path: Assets/Prefabs/CoinPrefab 1.prefab
  artifactKey: Guid(cb05236b2f2bd9149b058cf42e301a01) Importer(815301076,1909f56bfc062723c751e8b465ee728b)
Start importing Assets/Prefabs/CoinPrefab 1.prefab using Guid(cb05236b2f2bd9149b058cf42e301a01) Importer(815301076,1909f56bfc062723c751e8b465ee728b)  -> (artifact id: '42cf2a73ee94f248668a85fd6e961239') in 0.089892 seconds
  Import took 0.094072 seconds .

========================================================================
Received Prepare
Registering precompiled user dll's ...
Registered in 0.001538 seconds.
Begin MonoManager ReloadAssembly
Native extension for WindowsStandalone target not found
Refreshing native plugins compatible for Editor in 0.71 ms, found 0 plugins.
Preloading 0 native plugins for Editor in 0.00 ms.
Invoked RoslynAnalysisRunner static constructor.
RoslynAnalysisRunner will not be running.
RoslynAnalysisRunner has terminated.
Mono: successfully reloaded assembly
- Completed reload, in  1.586 seconds
Platform modules already initialized, skipping
Refreshing native plugins compatible for Editor in 0.38 ms, found 0 plugins.
Preloading 0 native plugins for Editor in 0.00 ms.
Unloading 1115 Unused Serialized files (Serialized files now loaded: 0)
System memory in use before: 74.3 MB.
System memory in use after: 74.4 MB.

Unloading 5 unused Assets to reduce memory usage. Loaded Objects now: 1636.
Total: 7.730600 ms (FindLiveObjects: 0.975500 ms CreateObjectMapping: 0.125300 ms MarkObjects: 6.288600 ms  DeleteObjects: 0.335600 ms)

========================================================================
Received Import Request.
  Time since last request: 61.152106 seconds.
  path: Assets/Prefabs/CoinPrefab 1.prefab
  artifactKey: Guid(cb05236b2f2bd9149b058cf42e301a01) Importer(815301076,1909f56bfc062723c751e8b465ee728b)
Start importing Assets/Prefabs/CoinPrefab 1.prefab using Guid(cb05236b2f2bd9149b058cf42e301a01) Importer(815301076,1909f56bfc062723c751e8b465ee728b)  -> (artifact id: 'a28465b4f8d89e7ccd12e6a03a56a4e6') in 0.106693 seconds
  Import took 0.110295 seconds .

========================================================================
Received Prepare
Registering precompiled user dll's ...
Registered in 0.001408 seconds.
Begin MonoManager ReloadAssembly
Native extension for WindowsStandalone target not found
Refreshing native plugins compatible for Editor in 0.30 ms, found 0 plugins.
Preloading 0 native plugins for Editor in 0.00 ms.
Invoked RoslynAnalysisRunner static constructor.
RoslynAnalysisRunner will not be running.
RoslynAnalysisRunner has terminated.
Mono: successfully reloaded assembly
- Completed reload, in  1.129 seconds
Platform modules already initialized, skipping
Refreshing native plugins compatible for Editor in 0.31 ms, found 0 plugins.
Preloading 0 native plugins for Editor in 0.00 ms.
Unloading 1115 Unused Serialized files (Serialized files now loaded: 0)
System memory in use before: 74.3 MB.
System memory in use after: 74.4 MB.

Unloading 5 unused Assets to reduce memory usage. Loaded Objects now: 1640.
Total: 4.336300 ms (FindLiveObjects: 0.316600 ms CreateObjectMapping: 0.097900 ms MarkObjects: 3.761000 ms  DeleteObjects: 0.157900 ms)

AssetImportWorkerClient::OnTransportError - code=2 error=End of file
